0 info it worked if it ends with ok
1 verbose cli [ '/usr/bin/node', '/usr/bin/npm', 'i' ]
2 info using npm@3.5.2
3 info using node@v8.10.0
4 silly loadCurrentTree Starting
5 silly install loadCurrentTree
6 silly install readLocalPackageData
7 silly install normalizeTree
8 silly loadCurrentTree Finishing
9 silly loadIdealTree Starting
10 silly install loadIdealTree
11 silly cloneCurrentTree Starting
12 silly install cloneCurrentTreeToIdealTree
13 silly cloneCurrentTree Finishing
14 silly loadShrinkwrap Starting
15 silly install loadShrinkwrap
16 silly loadShrinkwrap Finishing
17 silly loadAllDepsIntoIdealTree Starting
18 silly install loadAllDepsIntoIdealTree
19 silly loadAllDepsIntoIdealTree Finishing
20 silly idealTree:prePrune Bootcamp3
20 silly idealTree:prePrune ├── accepts@1.3.7
20 silly idealTree:prePrune ├── ajv@6.10.2
20 silly idealTree:prePrune ├── array-flatten@1.1.1
20 silly idealTree:prePrune ├── asn1@0.2.4
20 silly idealTree:prePrune ├── assert-plus@1.0.0
20 silly idealTree:prePrune ├── async@2.6.2
20 silly idealTree:prePrune ├── asynckit@0.4.0
20 silly idealTree:prePrune ├── aws-sign2@0.7.0
20 silly idealTree:prePrune ├── aws4@1.8.0
20 silly idealTree:prePrune ├── basic-auth@2.0.1
20 silly idealTree:prePrune ├── bcrypt-pbkdf@1.0.2
20 silly idealTree:prePrune ├── bluebird@3.5.1
20 silly idealTree:prePrune ├─┬ body-parser@1.19.0
20 silly idealTree:prePrune │ ├── debug@2.6.9
20 silly idealTree:prePrune │ └── ms@2.0.0
20 silly idealTree:prePrune ├── bson@1.1.1
20 silly idealTree:prePrune ├── bytes@3.1.0
20 silly idealTree:prePrune ├── caseless@0.12.0
20 silly idealTree:prePrune ├── combined-stream@1.0.8
20 silly idealTree:prePrune ├── content-disposition@0.5.3
20 silly idealTree:prePrune ├── content-type@1.0.4
20 silly idealTree:prePrune ├── cookie-signature@1.0.6
20 silly idealTree:prePrune ├── cookie@0.4.0
20 silly idealTree:prePrune ├── core-util-is@1.0.2
20 silly idealTree:prePrune ├── dashdash@1.14.1
20 silly idealTree:prePrune ├─┬ debug@3.1.0
20 silly idealTree:prePrune │ └── ms@2.0.0
20 silly idealTree:prePrune ├── delayed-stream@1.0.0
20 silly idealTree:prePrune ├── depd@1.1.2
20 silly idealTree:prePrune ├── destroy@1.0.4
20 silly idealTree:prePrune ├── ecc-jsbn@0.1.2
20 silly idealTree:prePrune ├── ee-first@1.1.1
20 silly idealTree:prePrune ├── encodeurl@1.0.2
20 silly idealTree:prePrune ├── escape-html@1.0.3
20 silly idealTree:prePrune ├── etag@1.8.1
20 silly idealTree:prePrune ├── extend@3.0.2
20 silly idealTree:prePrune ├── extsprintf@1.3.0
20 silly idealTree:prePrune ├── fast-deep-equal@2.0.1
20 silly idealTree:prePrune ├── fast-json-stable-stringify@2.0.0
20 silly idealTree:prePrune ├─┬ finalhandler@1.1.2
20 silly idealTree:prePrune │ ├── debug@2.6.9
20 silly idealTree:prePrune │ └── ms@2.0.0
20 silly idealTree:prePrune ├── forever-agent@0.6.1
20 silly idealTree:prePrune ├── form-data@2.3.3
20 silly idealTree:prePrune ├── forwarded@0.1.2
20 silly idealTree:prePrune ├── fresh@0.5.2
20 silly idealTree:prePrune ├── getpass@0.1.7
20 silly idealTree:prePrune ├── har-schema@2.0.0
20 silly idealTree:prePrune ├── har-validator@5.1.3
20 silly idealTree:prePrune ├── http-errors@1.7.2
20 silly idealTree:prePrune ├── http-signature@1.2.0
20 silly idealTree:prePrune ├── iconv-lite@0.4.24
20 silly idealTree:prePrune ├── inherits@2.0.3
20 silly idealTree:prePrune ├── ipaddr.js@1.9.0
20 silly idealTree:prePrune ├── is-typedarray@1.0.0
20 silly idealTree:prePrune ├── isstream@0.1.2
20 silly idealTree:prePrune ├── jsbn@0.1.1
20 silly idealTree:prePrune ├── json-schema-traverse@0.4.1
20 silly idealTree:prePrune ├── json-schema@0.2.3
20 silly idealTree:prePrune ├── json-stringify-safe@5.0.1
20 silly idealTree:prePrune ├── json5@1.0.1
20 silly idealTree:prePrune ├── jsprim@1.4.1
20 silly idealTree:prePrune ├── kareem@2.3.1
20 silly idealTree:prePrune ├── lodash@4.17.15
20 silly idealTree:prePrune ├── media-typer@0.3.0
20 silly idealTree:prePrune ├── merge-descriptors@1.0.1
20 silly idealTree:prePrune ├── methods@1.1.2
20 silly idealTree:prePrune ├── mime-db@1.40.0
20 silly idealTree:prePrune ├── mime-types@2.1.24
20 silly idealTree:prePrune ├── mime@1.6.0
20 silly idealTree:prePrune ├── minimist@1.2.0
20 silly idealTree:prePrune ├── mongodb@3.3.2
20 silly idealTree:prePrune ├── mongoose-legacy-pluralize@1.0.2
20 silly idealTree:prePrune ├── mongoose@5.7.1
20 silly idealTree:prePrune ├─┬ morgan@1.9.1
20 silly idealTree:prePrune │ ├── debug@2.6.9
20 silly idealTree:prePrune │ └── ms@2.0.0
20 silly idealTree:prePrune ├── mpath@0.6.0
20 silly idealTree:prePrune ├── mquery@3.2.1
20 silly idealTree:prePrune ├── ms@2.1.2
20 silly idealTree:prePrune ├── negotiator@0.6.2
20 silly idealTree:prePrune ├── oauth-sign@0.9.0
20 silly idealTree:prePrune ├── on-finished@2.3.0
20 silly idealTree:prePrune ├── on-headers@1.0.2
20 silly idealTree:prePrune ├── parseurl@1.3.3
20 silly idealTree:prePrune ├── path-to-regexp@0.1.7
20 silly idealTree:prePrune ├── performance-now@2.1.0
20 silly idealTree:prePrune ├── proxy-addr@2.0.5
20 silly idealTree:prePrune ├── psl@1.4.0
20 silly idealTree:prePrune ├── punycode@2.1.1
20 silly idealTree:prePrune ├── qs@6.7.0
20 silly idealTree:prePrune ├── range-parser@1.2.1
20 silly idealTree:prePrune ├── raw-body@2.4.0
20 silly idealTree:prePrune ├── regexp-clone@1.0.0
20 silly idealTree:prePrune ├─┬ request@2.88.0
20 silly idealTree:prePrune │ └── qs@6.5.2
20 silly idealTree:prePrune ├── require_optional@1.0.1
20 silly idealTree:prePrune ├── resolve-from@2.0.0
20 silly idealTree:prePrune ├── safe-buffer@5.1.2
20 silly idealTree:prePrune ├── safer-buffer@2.1.2
20 silly idealTree:prePrune ├── semver@5.7.1
20 silly idealTree:prePrune ├─┬ send@0.17.1
20 silly idealTree:prePrune │ ├─┬ debug@2.6.9
20 silly idealTree:prePrune │ │ └── ms@2.0.0
20 silly idealTree:prePrune │ └── ms@2.1.1
20 silly idealTree:prePrune ├── serve-static@1.14.1
20 silly idealTree:prePrune ├── setprototypeof@1.1.1
20 silly idealTree:prePrune ├── sift@7.0.1
20 silly idealTree:prePrune ├── sliced@1.0.1
20 silly idealTree:prePrune ├── sshpk@1.16.1
20 silly idealTree:prePrune ├── statuses@1.5.0
20 silly idealTree:prePrune ├── toidentifier@1.0.0
20 silly idealTree:prePrune ├─┬ tough-cookie@2.4.3
20 silly idealTree:prePrune │ └── punycode@1.4.1
20 silly idealTree:prePrune ├── tunnel-agent@0.6.0
20 silly idealTree:prePrune ├── tweetnacl@0.14.5
20 silly idealTree:prePrune ├── type-is@1.6.18
20 silly idealTree:prePrune ├── unpipe@1.0.0
20 silly idealTree:prePrune ├── uri-js@4.2.2
20 silly idealTree:prePrune ├── utils-merge@1.0.1
20 silly idealTree:prePrune ├── uuid@3.3.3
20 silly idealTree:prePrune ├── vary@1.1.2
20 silly idealTree:prePrune └── verror@1.10.0
21 silly loadIdealTree Finishing
22 silly currentTree Bootcamp3
22 silly currentTree ├── accepts@1.3.7
22 silly currentTree ├── ajv@6.10.2
22 silly currentTree ├── array-flatten@1.1.1
22 silly currentTree ├── asn1@0.2.4
22 silly currentTree ├── assert-plus@1.0.0
22 silly currentTree ├── async@2.6.2
22 silly currentTree ├── asynckit@0.4.0
22 silly currentTree ├── aws-sign2@0.7.0
22 silly currentTree ├── aws4@1.8.0
22 silly currentTree ├── basic-auth@2.0.1
22 silly currentTree ├── bcrypt-pbkdf@1.0.2
22 silly currentTree ├── bluebird@3.5.1
22 silly currentTree ├─┬ body-parser@1.19.0
22 silly currentTree │ ├── debug@2.6.9
22 silly currentTree │ └── ms@2.0.0
22 silly currentTree ├── bson@1.1.1
22 silly currentTree ├── bytes@3.1.0
22 silly currentTree ├── caseless@0.12.0
22 silly currentTree ├── combined-stream@1.0.8
22 silly currentTree ├── content-disposition@0.5.3
22 silly currentTree ├── content-type@1.0.4
22 silly currentTree ├── cookie-signature@1.0.6
22 silly currentTree ├── cookie@0.4.0
22 silly currentTree ├── core-util-is@1.0.2
22 silly currentTree ├── dashdash@1.14.1
22 silly currentTree ├─┬ debug@3.1.0
22 silly currentTree │ └── ms@2.0.0
22 silly currentTree ├── delayed-stream@1.0.0
22 silly currentTree ├── depd@1.1.2
22 silly currentTree ├── destroy@1.0.4
22 silly currentTree ├── ecc-jsbn@0.1.2
22 silly currentTree ├── ee-first@1.1.1
22 silly currentTree ├── encodeurl@1.0.2
22 silly currentTree ├── escape-html@1.0.3
22 silly currentTree ├── etag@1.8.1
22 silly currentTree ├── extend@3.0.2
22 silly currentTree ├── extsprintf@1.3.0
22 silly currentTree ├── fast-deep-equal@2.0.1
22 silly currentTree ├── fast-json-stable-stringify@2.0.0
22 silly currentTree ├─┬ finalhandler@1.1.2
22 silly currentTree │ ├── debug@2.6.9
22 silly currentTree │ └── ms@2.0.0
22 silly currentTree ├── forever-agent@0.6.1
22 silly currentTree ├── form-data@2.3.3
22 silly currentTree ├── forwarded@0.1.2
22 silly currentTree ├── fresh@0.5.2
22 silly currentTree ├── getpass@0.1.7
22 silly currentTree ├── har-schema@2.0.0
22 silly currentTree ├── har-validator@5.1.3
22 silly currentTree ├── http-errors@1.7.2
22 silly currentTree ├── http-signature@1.2.0
22 silly currentTree ├── iconv-lite@0.4.24
22 silly currentTree ├── inherits@2.0.3
22 silly currentTree ├── ipaddr.js@1.9.0
22 silly currentTree ├── is-typedarray@1.0.0
22 silly currentTree ├── isstream@0.1.2
22 silly currentTree ├── jsbn@0.1.1
22 silly currentTree ├── json-schema-traverse@0.4.1
22 silly currentTree ├── json-schema@0.2.3
22 silly currentTree ├── json-stringify-safe@5.0.1
22 silly currentTree ├── json5@1.0.1
22 silly currentTree ├── jsprim@1.4.1
22 silly currentTree ├── kareem@2.3.1
22 silly currentTree ├── lodash@4.17.15
22 silly currentTree ├── media-typer@0.3.0
22 silly currentTree ├── merge-descriptors@1.0.1
22 silly currentTree ├── methods@1.1.2
22 silly currentTree ├── mime-db@1.40.0
22 silly currentTree ├── mime-types@2.1.24
22 silly currentTree ├── mime@1.6.0
22 silly currentTree ├── minimist@1.2.0
22 silly currentTree ├── mongodb@3.3.2
22 silly currentTree ├── mongoose-legacy-pluralize@1.0.2
22 silly currentTree ├── mongoose@5.7.1
22 silly currentTree ├─┬ morgan@1.9.1
22 silly currentTree │ ├── debug@2.6.9
22 silly currentTree │ └── ms@2.0.0
22 silly currentTree ├── mpath@0.6.0
22 silly currentTree ├── mquery@3.2.1
22 silly currentTree ├── ms@2.1.2
22 silly currentTree ├── negotiator@0.6.2
22 silly currentTree ├── oauth-sign@0.9.0
22 silly currentTree ├── on-finished@2.3.0
22 silly currentTree ├── on-headers@1.0.2
22 silly currentTree ├── parseurl@1.3.3
22 silly currentTree ├── path-to-regexp@0.1.7
22 silly currentTree ├── performance-now@2.1.0
22 silly currentTree ├── proxy-addr@2.0.5
22 silly currentTree ├── psl@1.4.0
22 silly currentTree ├── punycode@2.1.1
22 silly currentTree ├── qs@6.7.0
22 silly currentTree ├── range-parser@1.2.1
22 silly currentTree ├── raw-body@2.4.0
22 silly currentTree ├── regexp-clone@1.0.0
22 silly currentTree ├─┬ request@2.88.0
22 silly currentTree │ └── qs@6.5.2
22 silly currentTree ├── require_optional@1.0.1
22 silly currentTree ├── resolve-from@2.0.0
22 silly currentTree ├── safe-buffer@5.1.2
22 silly currentTree ├── safer-buffer@2.1.2
22 silly currentTree ├── semver@5.7.1
22 silly currentTree ├─┬ send@0.17.1
22 silly currentTree │ ├─┬ debug@2.6.9
22 silly currentTree │ │ └── ms@2.0.0
22 silly currentTree │ └── ms@2.1.1
22 silly currentTree ├── serve-static@1.14.1
22 silly currentTree ├── setprototypeof@1.1.1
22 silly currentTree ├── sift@7.0.1
22 silly currentTree ├── sliced@1.0.1
22 silly currentTree ├── sshpk@1.16.1
22 silly currentTree ├── statuses@1.5.0
22 silly currentTree ├── toidentifier@1.0.0
22 silly currentTree ├─┬ tough-cookie@2.4.3
22 silly currentTree │ └── punycode@1.4.1
22 silly currentTree ├── tunnel-agent@0.6.0
22 silly currentTree ├── tweetnacl@0.14.5
22 silly currentTree ├── type-is@1.6.18
22 silly currentTree ├── unpipe@1.0.0
22 silly currentTree ├── uri-js@4.2.2
22 silly currentTree ├── utils-merge@1.0.1
22 silly currentTree ├── uuid@3.3.3
22 silly currentTree ├── vary@1.1.2
22 silly currentTree └── verror@1.10.0
23 silly idealTree Bootcamp3
23 silly idealTree ├── accepts@1.3.7
23 silly idealTree ├── ajv@6.10.2
23 silly idealTree ├── array-flatten@1.1.1
23 silly idealTree ├── asn1@0.2.4
23 silly idealTree ├── assert-plus@1.0.0
23 silly idealTree ├── async@2.6.2
23 silly idealTree ├── asynckit@0.4.0
23 silly idealTree ├── aws-sign2@0.7.0
23 silly idealTree ├── aws4@1.8.0
23 silly idealTree ├── basic-auth@2.0.1
23 silly idealTree ├── bcrypt-pbkdf@1.0.2
23 silly idealTree ├── bluebird@3.5.1
23 silly idealTree ├─┬ body-parser@1.19.0
23 silly idealTree │ ├── debug@2.6.9
23 silly idealTree │ └── ms@2.0.0
23 silly idealTree ├── bson@1.1.1
23 silly idealTree ├── bytes@3.1.0
23 silly idealTree ├── caseless@0.12.0
23 silly idealTree ├── combined-stream@1.0.8
23 silly idealTree ├── content-disposition@0.5.3
23 silly idealTree ├── content-type@1.0.4
23 silly idealTree ├── cookie-signature@1.0.6
23 silly idealTree ├── cookie@0.4.0
23 silly idealTree ├── core-util-is@1.0.2
23 silly idealTree ├── dashdash@1.14.1
23 silly idealTree ├─┬ debug@3.1.0
23 silly idealTree │ └── ms@2.0.0
23 silly idealTree ├── delayed-stream@1.0.0
23 silly idealTree ├── depd@1.1.2
23 silly idealTree ├── destroy@1.0.4
23 silly idealTree ├── ecc-jsbn@0.1.2
23 silly idealTree ├── ee-first@1.1.1
23 silly idealTree ├── encodeurl@1.0.2
23 silly idealTree ├── escape-html@1.0.3
23 silly idealTree ├── etag@1.8.1
23 silly idealTree ├── extend@3.0.2
23 silly idealTree ├── extsprintf@1.3.0
23 silly idealTree ├── fast-deep-equal@2.0.1
23 silly idealTree ├── fast-json-stable-stringify@2.0.0
23 silly idealTree ├─┬ finalhandler@1.1.2
23 silly idealTree │ ├── debug@2.6.9
23 silly idealTree │ └── ms@2.0.0
23 silly idealTree ├── forever-agent@0.6.1
23 silly idealTree ├── form-data@2.3.3
23 silly idealTree ├── forwarded@0.1.2
23 silly idealTree ├── fresh@0.5.2
23 silly idealTree ├── getpass@0.1.7
23 silly idealTree ├── har-schema@2.0.0
23 silly idealTree ├── har-validator@5.1.3
23 silly idealTree ├── http-errors@1.7.2
23 silly idealTree ├── http-signature@1.2.0
23 silly idealTree ├── iconv-lite@0.4.24
23 silly idealTree ├── inherits@2.0.3
23 silly idealTree ├── ipaddr.js@1.9.0
23 silly idealTree ├── is-typedarray@1.0.0
23 silly idealTree ├── isstream@0.1.2
23 silly idealTree ├── jsbn@0.1.1
23 silly idealTree ├── json-schema-traverse@0.4.1
23 silly idealTree ├── json-schema@0.2.3
23 silly idealTree ├── json-stringify-safe@5.0.1
23 silly idealTree ├── json5@1.0.1
23 silly idealTree ├── jsprim@1.4.1
23 silly idealTree ├── kareem@2.3.1
23 silly idealTree ├── lodash@4.17.15
23 silly idealTree ├── media-typer@0.3.0
23 silly idealTree ├── merge-descriptors@1.0.1
23 silly idealTree ├── methods@1.1.2
23 silly idealTree ├── mime-db@1.40.0
23 silly idealTree ├── mime-types@2.1.24
23 silly idealTree ├── mime@1.6.0
23 silly idealTree ├── minimist@1.2.0
23 silly idealTree ├── mongodb@3.3.2
23 silly idealTree ├── mongoose-legacy-pluralize@1.0.2
23 silly idealTree ├── mongoose@5.7.1
23 silly idealTree ├─┬ morgan@1.9.1
23 silly idealTree │ ├── debug@2.6.9
23 silly idealTree │ └── ms@2.0.0
23 silly idealTree ├── mpath@0.6.0
23 silly idealTree ├── mquery@3.2.1
23 silly idealTree ├── ms@2.1.2
23 silly idealTree ├── negotiator@0.6.2
23 silly idealTree ├── oauth-sign@0.9.0
23 silly idealTree ├── on-finished@2.3.0
23 silly idealTree ├── on-headers@1.0.2
23 silly idealTree ├── parseurl@1.3.3
23 silly idealTree ├── path-to-regexp@0.1.7
23 silly idealTree ├── performance-now@2.1.0
23 silly idealTree ├── proxy-addr@2.0.5
23 silly idealTree ├── psl@1.4.0
23 silly idealTree ├── punycode@2.1.1
23 silly idealTree ├── qs@6.7.0
23 silly idealTree ├── range-parser@1.2.1
23 silly idealTree ├── raw-body@2.4.0
23 silly idealTree ├── regexp-clone@1.0.0
23 silly idealTree ├─┬ request@2.88.0
23 silly idealTree │ └── qs@6.5.2
23 silly idealTree ├── require_optional@1.0.1
23 silly idealTree ├── resolve-from@2.0.0
23 silly idealTree ├── safe-buffer@5.1.2
23 silly idealTree ├── safer-buffer@2.1.2
23 silly idealTree ├── semver@5.7.1
23 silly idealTree ├─┬ send@0.17.1
23 silly idealTree │ ├─┬ debug@2.6.9
23 silly idealTree │ │ └── ms@2.0.0
23 silly idealTree │ └── ms@2.1.1
23 silly idealTree ├── serve-static@1.14.1
23 silly idealTree ├── setprototypeof@1.1.1
23 silly idealTree ├── sift@7.0.1
23 silly idealTree ├── sliced@1.0.1
23 silly idealTree ├── sshpk@1.16.1
23 silly idealTree ├── statuses@1.5.0
23 silly idealTree ├── toidentifier@1.0.0
23 silly idealTree ├─┬ tough-cookie@2.4.3
23 silly idealTree │ └── punycode@1.4.1
23 silly idealTree ├── tunnel-agent@0.6.0
23 silly idealTree ├── tweetnacl@0.14.5
23 silly idealTree ├── type-is@1.6.18
23 silly idealTree ├── unpipe@1.0.0
23 silly idealTree ├── uri-js@4.2.2
23 silly idealTree ├── utils-merge@1.0.1
23 silly idealTree ├── uuid@3.3.3
23 silly idealTree ├── vary@1.1.2
23 silly idealTree └── verror@1.10.0
24 silly generateActionsToTake Starting
25 silly install generateActionsToTake
26 silly generateActionsToTake Finishing
27 silly diffTrees action count 3
28 silly diffTrees update mongoose@5.7.1
29 silly diffTrees update morgan@1.9.1
30 silly diffTrees update request@2.88.0
31 silly decomposeActions action count 24
32 silly decomposeActions fetch mongoose@5.7.1
33 silly decomposeActions extract mongoose@5.7.1
34 silly decomposeActions test mongoose@5.7.1
35 silly decomposeActions preinstall mongoose@5.7.1
36 silly decomposeActions build mongoose@5.7.1
37 silly decomposeActions install mongoose@5.7.1
38 silly decomposeActions postinstall mongoose@5.7.1
39 silly decomposeActions finalize mongoose@5.7.1
40 silly decomposeActions fetch morgan@1.9.1
41 silly decomposeActions extract morgan@1.9.1
42 silly decomposeActions test morgan@1.9.1
43 silly decomposeActions preinstall morgan@1.9.1
44 silly decomposeActions build morgan@1.9.1
45 silly decomposeActions install morgan@1.9.1
46 silly decomposeActions postinstall morgan@1.9.1
47 silly decomposeActions finalize morgan@1.9.1
48 silly decomposeActions fetch request@2.88.0
49 silly decomposeActions extract request@2.88.0
50 silly decomposeActions test request@2.88.0
51 silly decomposeActions preinstall request@2.88.0
52 silly decomposeActions build request@2.88.0
53 silly decomposeActions install request@2.88.0
54 silly decomposeActions postinstall request@2.88.0
55 silly decomposeActions finalize request@2.88.0
56 silly executeActions Starting
57 silly install executeActions
58 silly doSerial global-install 0
59 silly doParallel fetch 3
60 verbose lock using /home/jthurber/.npm/_locks/staging-8c5a21c946dc1ab7.lock for /mnt/c/Users/jthur/Desktop/Software 2019/Bootcamp3_2019/Bootcamp3/node_modules/.staging
61 silly doParallel extract 3
62 silly extract mongoose@5.7.1
63 silly extract morgan@1.9.1
64 silly extract request@2.88.0
65 verbose unbuild node_modules/.staging/morgan-d87f51be
66 verbose unbuild node_modules/.staging/request-ca08cfb5
67 verbose unbuild node_modules/.staging/mongoose-d534a65e
68 silly gentlyRm /mnt/c/Users/jthur/Desktop/Software 2019/Bootcamp3_2019/Bootcamp3/node_modules/.staging/request-ca08cfb5 is being purged from base /mnt/c/Users/jthur/Desktop/Software 2019/Bootcamp3_2019/Bootcamp3
69 verbose gentlyRm don't care about contents; nuking /mnt/c/Users/jthur/Desktop/Software 2019/Bootcamp3_2019/Bootcamp3/node_modules/.staging/request-ca08cfb5
70 silly gentlyRm /mnt/c/Users/jthur/Desktop/Software 2019/Bootcamp3_2019/Bootcamp3/node_modules/.staging/morgan-d87f51be is being purged from base /mnt/c/Users/jthur/Desktop/Software 2019/Bootcamp3_2019/Bootcamp3
71 verbose gentlyRm don't care about contents; nuking /mnt/c/Users/jthur/Desktop/Software 2019/Bootcamp3_2019/Bootcamp3/node_modules/.staging/morgan-d87f51be
72 silly gentlyRm /mnt/c/Users/jthur/Desktop/Software 2019/Bootcamp3_2019/Bootcamp3/node_modules/.staging/mongoose-d534a65e is being purged from base /mnt/c/Users/jthur/Desktop/Software 2019/Bootcamp3_2019/Bootcamp3
73 verbose gentlyRm don't care about contents; nuking /mnt/c/Users/jthur/Desktop/Software 2019/Bootcamp3_2019/Bootcamp3/node_modules/.staging/mongoose-d534a65e
74 verbose tar unpack /home/jthurber/.npm/request/2.88.0/package.tgz
75 verbose tar unpacking to /mnt/c/Users/jthur/Desktop/Software 2019/Bootcamp3_2019/Bootcamp3/node_modules/.staging/request-ca08cfb5
76 silly gentlyRm /mnt/c/Users/jthur/Desktop/Software 2019/Bootcamp3_2019/Bootcamp3/node_modules/.staging/request-ca08cfb5 is being purged
77 verbose gentlyRm don't care about contents; nuking /mnt/c/Users/jthur/Desktop/Software 2019/Bootcamp3_2019/Bootcamp3/node_modules/.staging/request-ca08cfb5
78 verbose tar unpack /home/jthurber/.npm/morgan/1.9.1/package.tgz
79 verbose tar unpacking to /mnt/c/Users/jthur/Desktop/Software 2019/Bootcamp3_2019/Bootcamp3/node_modules/.staging/morgan-d87f51be
80 silly gentlyRm /mnt/c/Users/jthur/Desktop/Software 2019/Bootcamp3_2019/Bootcamp3/node_modules/.staging/morgan-d87f51be is being purged
81 verbose gentlyRm don't care about contents; nuking /mnt/c/Users/jthur/Desktop/Software 2019/Bootcamp3_2019/Bootcamp3/node_modules/.staging/morgan-d87f51be
82 verbose tar unpack /home/jthurber/.npm/mongoose/5.7.1/package.tgz
83 verbose tar unpacking to /mnt/c/Users/jthur/Desktop/Software 2019/Bootcamp3_2019/Bootcamp3/node_modules/.staging/mongoose-d534a65e
84 silly gentlyRm /mnt/c/Users/jthur/Desktop/Software 2019/Bootcamp3_2019/Bootcamp3/node_modules/.staging/mongoose-d534a65e is being purged
85 verbose gentlyRm don't care about contents; nuking /mnt/c/Users/jthur/Desktop/Software 2019/Bootcamp3_2019/Bootcamp3/node_modules/.staging/mongoose-d534a65e
86 silly gunzTarPerm modes [ '777', '666' ]
87 silly gunzTarPerm modes [ '777', '666' ]
88 silly gunzTarPerm modes [ '777', '666' ]
89 silly gunzTarPerm extractEntry package.json
90 silly gunzTarPerm modified mode [ 'package.json', 420, 438 ]
91 silly gunzTarPerm extractEntry package.json
92 silly gunzTarPerm modified mode [ 'package.json', 420, 438 ]
93 silly gunzTarPerm extractEntry package.json
94 silly gunzTarPerm modified mode [ 'package.json', 436, 438 ]
95 silly gunzTarPerm extractEntry HISTORY.md
96 silly gunzTarPerm modified mode [ 'HISTORY.md', 420, 438 ]
97 silly gunzTarPerm extractEntry index.js
98 silly gunzTarPerm modified mode [ 'index.js', 420, 438 ]
99 silly gunzTarPerm extractEntry .travis.yml
100 silly gunzTarPerm modified mode [ '.travis.yml', 436, 438 ]
101 silly gunzTarPerm extractEntry browser.js
102 silly gunzTarPerm modified mode [ 'browser.js', 436, 438 ]
103 silly gunzTarPerm extractEntry CHANGELOG.md
104 silly gunzTarPerm modified mode [ 'CHANGELOG.md', 420, 438 ]
105 silly gunzTarPerm extractEntry index.js
106 silly gunzTarPerm modified mode [ 'index.js', 493, 511 ]
107 silly gunzTarPerm extractEntry LICENSE
108 silly gunzTarPerm modified mode [ 'LICENSE', 420, 438 ]
109 silly gunzTarPerm extractEntry README.md
110 silly gunzTarPerm modified mode [ 'README.md', 420, 438 ]
111 silly gunzTarPerm extractEntry request.js
112 silly gunzTarPerm modified mode [ 'request.js', 420, 438 ]
113 silly gunzTarPerm extractEntry lib/auth.js
114 silly gunzTarPerm modified mode [ 'lib/auth.js', 420, 438 ]
115 silly gunzTarPerm extractEntry lib/cookies.js
116 silly gunzTarPerm modified mode [ 'lib/cookies.js', 420, 438 ]
117 silly gunzTarPerm extractEntry lib/getProxyFromURI.js
118 silly gunzTarPerm modified mode [ 'lib/getProxyFromURI.js', 420, 438 ]
119 silly gunzTarPerm extractEntry lib/har.js
120 silly gunzTarPerm modified mode [ 'lib/har.js', 420, 438 ]
121 silly gunzTarPerm extractEntry lib/hawk.js
122 silly gunzTarPerm modified mode [ 'lib/hawk.js', 420, 438 ]
123 silly gunzTarPerm extractEntry lib/helpers.js
124 silly gunzTarPerm modified mode [ 'lib/helpers.js', 420, 438 ]
125 silly gunzTarPerm extractEntry lib/multipart.js
126 silly gunzTarPerm modified mode [ 'lib/multipart.js', 420, 438 ]
127 silly gunzTarPerm extractEntry lib/oauth.js
128 silly gunzTarPerm modified mode [ 'lib/oauth.js', 420, 438 ]
129 silly gunzTarPerm extractEntry lib/querystring.js
130 silly gunzTarPerm modified mode [ 'lib/querystring.js', 420, 438 ]
131 silly gunzTarPerm extractEntry lib/redirect.js
132 silly gunzTarPerm modified mode [ 'lib/redirect.js', 420, 438 ]
133 silly gunzTarPerm extractEntry lib/tunnel.js
134 silly gunzTarPerm modified mode [ 'lib/tunnel.js', 420, 438 ]
135 silly gunzTarPerm extractEntry LICENSE
136 silly gunzTarPerm modified mode [ 'LICENSE', 420, 438 ]
137 silly gunzTarPerm extractEntry History.md
138 silly gunzTarPerm modified mode [ 'History.md', 436, 438 ]
139 silly gunzTarPerm extractEntry index.js
140 silly gunzTarPerm modified mode [ 'index.js', 436, 438 ]
141 silly gunzTarPerm extractEntry README.md
142 silly gunzTarPerm modified mode [ 'README.md', 420, 438 ]
143 silly gunzTarPerm extractEntry LICENSE.md
144 silly gunzTarPerm modified mode [ 'LICENSE.md', 436, 438 ]
145 silly gunzTarPerm extractEntry README.md
146 silly gunzTarPerm modified mode [ 'README.md', 436, 438 ]
147 silly gunzTarPerm extractEntry lib/aggregate.js
148 silly gunzTarPerm modified mode [ 'lib/aggregate.js', 436, 438 ]
149 silly gunzTarPerm extractEntry lib/browser.js
150 silly gunzTarPerm modified mode [ 'lib/browser.js', 436, 438 ]
151 silly gunzTarPerm extractEntry lib/browserDocument.js
152 silly gunzTarPerm modified mode [ 'lib/browserDocument.js', 436, 438 ]
153 silly gunzTarPerm extractEntry lib/cast.js
154 silly gunzTarPerm modified mode [ 'lib/cast.js', 436, 438 ]
155 silly gunzTarPerm extractEntry lib/cast/boolean.js
156 silly gunzTarPerm modified mode [ 'lib/cast/boolean.js', 436, 438 ]
157 silly gunzTarPerm extractEntry lib/cast/date.js
158 silly gunzTarPerm modified mode [ 'lib/cast/date.js', 436, 438 ]
159 silly gunzTarPerm extractEntry lib/cast/decimal128.js
160 silly gunzTarPerm modified mode [ 'lib/cast/decimal128.js', 436, 438 ]
161 silly gunzTarPerm extractEntry lib/cast/number.js
162 silly gunzTarPerm modified mode [ 'lib/cast/number.js', 436, 438 ]
163 silly gunzTarPerm extractEntry lib/cast/objectid.js
164 silly gunzTarPerm modified mode [ 'lib/cast/objectid.js', 436, 438 ]
165 silly gunzTarPerm extractEntry lib/cast/string.js
166 silly gunzTarPerm modified mode [ 'lib/cast/string.js', 436, 438 ]
167 silly gunzTarPerm extractEntry lib/collection.js
168 silly gunzTarPerm modified mode [ 'lib/collection.js', 436, 438 ]
169 silly gunzTarPerm extractEntry lib/connection.js
170 silly gunzTarPerm modified mode [ 'lib/connection.js', 436, 438 ]
171 silly gunzTarPerm extractEntry lib/connectionstate.js
172 silly gunzTarPerm modified mode [ 'lib/connectionstate.js', 436, 438 ]
173 silly gunzTarPerm extractEntry lib/cursor/AggregationCursor.js
174 silly gunzTarPerm modified mode [ 'lib/cursor/AggregationCursor.js', 436, 438 ]
175 silly gunzTarPerm extractEntry lib/cursor/ChangeStream.js
176 silly gunzTarPerm modified mode [ 'lib/cursor/ChangeStream.js', 436, 438 ]
177 silly gunzTarPerm extractEntry lib/cursor/QueryCursor.js
178 silly gunzTarPerm modified mode [ 'lib/cursor/QueryCursor.js', 436, 438 ]
179 silly gunzTarPerm extractEntry lib/document_provider.js
180 silly gunzTarPerm modified mode [ 'lib/document_provider.js', 436, 438 ]
181 silly gunzTarPerm extractEntry lib/document.js
182 silly gunzTarPerm modified mode [ 'lib/document.js', 436, 438 ]
183 silly gentlyRm /mnt/c/Users/jthur/Desktop/Software 2019/Bootcamp3_2019/Bootcamp3/node_modules/.staging/morgan-d87f51be/node_modules is being purged
184 verbose gentlyRm don't care about contents; nuking /mnt/c/Users/jthur/Desktop/Software 2019/Bootcamp3_2019/Bootcamp3/node_modules/.staging/morgan-d87f51be/node_modules
185 silly gunzTarPerm extractEntry lib/driver.js
186 silly gunzTarPerm modified mode [ 'lib/driver.js', 436, 438 ]
187 silly gunzTarPerm extractEntry lib/drivers/browser/binary.js
188 silly gunzTarPerm modified mode [ 'lib/drivers/browser/binary.js', 436, 438 ]
189 silly gunzTarPerm extractEntry lib/drivers/browser/decimal128.js
190 silly gunzTarPerm modified mode [ 'lib/drivers/browser/decimal128.js', 436, 438 ]
191 silly gunzTarPerm extractEntry lib/drivers/browser/index.js
192 silly gunzTarPerm modified mode [ 'lib/drivers/browser/index.js', 436, 438 ]
193 silly gunzTarPerm extractEntry lib/drivers/browser/objectid.js
194 silly gunzTarPerm modified mode [ 'lib/drivers/browser/objectid.js', 436, 438 ]
195 silly gunzTarPerm extractEntry lib/drivers/browser/ReadPreference.js
196 silly gunzTarPerm modified mode [ 'lib/drivers/browser/ReadPreference.js', 436, 438 ]
197 silly gunzTarPerm extractEntry lib/drivers/node-mongodb-native/binary.js
198 silly gunzTarPerm modified mode [ 'lib/drivers/node-mongodb-native/binary.js', 436, 438 ]
199 silly gunzTarPerm extractEntry lib/drivers/node-mongodb-native/collection.js
200 silly gunzTarPerm modified mode [ 'lib/drivers/node-mongodb-native/collection.js', 436, 438 ]
201 silly gunzTarPerm extractEntry lib/drivers/node-mongodb-native/connection.js
202 silly gunzTarPerm modified mode [ 'lib/drivers/node-mongodb-native/connection.js', 436, 438 ]
203 silly gunzTarPerm extractEntry lib/drivers/node-mongodb-native/decimal128.js
204 silly gunzTarPerm modified mode [ 'lib/drivers/node-mongodb-native/decimal128.js', 436, 438 ]
205 silly gunzTarPerm extractEntry lib/drivers/node-mongodb-native/index.js
206 silly gunzTarPerm modified mode [ 'lib/drivers/node-mongodb-native/index.js', 436, 438 ]
207 silly gunzTarPerm extractEntry lib/drivers/node-mongodb-native/objectid.js
208 silly gunzTarPerm modified mode [ 'lib/drivers/node-mongodb-native/objectid.js', 436, 438 ]
209 silly gunzTarPerm extractEntry lib/drivers/node-mongodb-native/ReadPreference.js
210 silly gunzTarPerm modified mode [ 'lib/drivers/node-mongodb-native/ReadPreference.js', 436, 438 ]
211 silly gunzTarPerm extractEntry lib/drivers/SPEC.md
212 silly gunzTarPerm modified mode [ 'lib/drivers/SPEC.md', 436, 438 ]
213 silly gunzTarPerm extractEntry lib/error/browserMissingSchema.js
214 silly gunzTarPerm modified mode [ 'lib/error/browserMissingSchema.js', 436, 438 ]
215 silly gunzTarPerm extractEntry lib/error/cast.js
216 silly gunzTarPerm modified mode [ 'lib/error/cast.js', 436, 438 ]
217 silly gunzTarPerm extractEntry lib/error/disconnected.js
218 silly gunzTarPerm modified mode [ 'lib/error/disconnected.js', 436, 438 ]
219 silly gunzTarPerm extractEntry lib/error/divergentArray.js
220 silly gunzTarPerm modified mode [ 'lib/error/divergentArray.js', 436, 438 ]
221 silly gunzTarPerm extractEntry lib/error/index.js
222 silly gunzTarPerm modified mode [ 'lib/error/index.js', 436, 438 ]
223 silly gunzTarPerm extractEntry lib/error/messages.js
224 silly gunzTarPerm modified mode [ 'lib/error/messages.js', 436, 438 ]
225 silly gunzTarPerm extractEntry lib/error/missingSchema.js
226 silly gunzTarPerm modified mode [ 'lib/error/missingSchema.js', 436, 438 ]
227 silly gunzTarPerm extractEntry lib/error/mongooseError.js
228 silly gunzTarPerm modified mode [ 'lib/error/mongooseError.js', 436, 438 ]
229 silly gunzTarPerm extractEntry lib/error/notFound.js
230 silly gunzTarPerm modified mode [ 'lib/error/notFound.js', 436, 438 ]
231 silly gunzTarPerm extractEntry lib/error/objectExpected.js
232 silly gunzTarPerm modified mode [ 'lib/error/objectExpected.js', 436, 438 ]
233 silly gunzTarPerm extractEntry lib/error/objectParameter.js
234 silly gunzTarPerm modified mode [ 'lib/error/objectParameter.js', 436, 438 ]
235 silly gunzTarPerm extractEntry lib/error/overwriteModel.js
236 silly gunzTarPerm modified mode [ 'lib/error/overwriteModel.js', 436, 438 ]
237 silly gunzTarPerm extractEntry lib/error/parallelSave.js
238 silly gunzTarPerm modified mode [ 'lib/error/parallelSave.js', 436, 438 ]
239 silly gentlyRm /mnt/c/Users/jthur/Desktop/Software 2019/Bootcamp3_2019/Bootcamp3/node_modules/.staging/request-ca08cfb5/node_modules is being purged
240 verbose gentlyRm don't care about contents; nuking /mnt/c/Users/jthur/Desktop/Software 2019/Bootcamp3_2019/Bootcamp3/node_modules/.staging/request-ca08cfb5/node_modules
241 silly gunzTarPerm extractEntry lib/error/strict.js
242 silly gunzTarPerm modified mode [ 'lib/error/strict.js', 436, 438 ]
243 silly gunzTarPerm extractEntry lib/error/validation.js
244 silly gunzTarPerm modified mode [ 'lib/error/validation.js', 436, 438 ]
245 silly gunzTarPerm extractEntry lib/error/validator.js
246 silly gunzTarPerm modified mode [ 'lib/error/validator.js', 436, 438 ]
247 silly gunzTarPerm extractEntry lib/error/version.js
248 silly gunzTarPerm modified mode [ 'lib/error/version.js', 436, 438 ]
249 silly gunzTarPerm extractEntry lib/helpers/common.js
250 silly gunzTarPerm modified mode [ 'lib/helpers/common.js', 436, 438 ]
251 silly gunzTarPerm extractEntry lib/helpers/cursor/eachAsync.js
252 silly gunzTarPerm modified mode [ 'lib/helpers/cursor/eachAsync.js', 436, 438 ]
253 silly gunzTarPerm extractEntry lib/helpers/discriminator/checkEmbeddedDiscriminatorKeyProjection.js
254 silly gunzTarPerm modified mode [ 'lib/helpers/discriminator/checkEmbeddedDiscriminatorKeyProjection.js',
254 silly gunzTarPerm   436,
254 silly gunzTarPerm   438 ]
255 silly gunzTarPerm extractEntry lib/helpers/discriminator/getConstructor.js
256 silly gunzTarPerm modified mode [ 'lib/helpers/discriminator/getConstructor.js', 436, 438 ]
257 silly gunzTarPerm extractEntry lib/helpers/document/cleanModifiedSubpaths.js
258 silly gunzTarPerm modified mode [ 'lib/helpers/document/cleanModifiedSubpaths.js', 436, 438 ]
259 silly gunzTarPerm extractEntry lib/helpers/document/compile.js
260 silly gunzTarPerm modified mode [ 'lib/helpers/document/compile.js', 436, 438 ]
261 silly gunzTarPerm extractEntry lib/helpers/document/getEmbeddedDiscriminatorPath.js
262 silly gunzTarPerm modified mode [ 'lib/helpers/document/getEmbeddedDiscriminatorPath.js',
262 silly gunzTarPerm   436,
262 silly gunzTarPerm   438 ]
263 silly gunzTarPerm extractEntry lib/helpers/each.js
264 silly gunzTarPerm modified mode [ 'lib/helpers/each.js', 436, 438 ]
265 silly gunzTarPerm extractEntry lib/helpers/get.js
266 silly gunzTarPerm modified mode [ 'lib/helpers/get.js', 436, 438 ]
267 silly gunzTarPerm extractEntry lib/helpers/immediate.js
268 silly gunzTarPerm modified mode [ 'lib/helpers/immediate.js', 436, 438 ]
269 silly gunzTarPerm extractEntry lib/helpers/model/applyHooks.js
270 silly gunzTarPerm modified mode [ 'lib/helpers/model/applyHooks.js', 436, 438 ]
271 silly gunzTarPerm extractEntry lib/helpers/model/applyMethods.js
272 silly gunzTarPerm modified mode [ 'lib/helpers/model/applyMethods.js', 436, 438 ]
273 silly gunzTarPerm extractEntry lib/helpers/model/applyStaticHooks.js
274 silly gunzTarPerm modified mode [ 'lib/helpers/model/applyStaticHooks.js', 436, 438 ]
275 silly gunzTarPerm extractEntry lib/helpers/model/applyStatics.js
276 silly gunzTarPerm modified mode [ 'lib/helpers/model/applyStatics.js', 436, 438 ]
277 silly gunzTarPerm extractEntry lib/helpers/model/castBulkWrite.js
278 silly gunzTarPerm modified mode [ 'lib/helpers/model/castBulkWrite.js', 436, 438 ]
279 silly gunzTarPerm extractEntry lib/helpers/model/discriminator.js
280 silly gunzTarPerm modified mode [ 'lib/helpers/model/discriminator.js', 436, 438 ]
281 silly gunzTarPerm extractEntry lib/helpers/once.js
282 silly gunzTarPerm modified mode [ 'lib/helpers/once.js', 436, 438 ]
283 silly gunzTarPerm extractEntry lib/helpers/parallelLimit.js
284 silly gunzTarPerm modified mode [ 'lib/helpers/parallelLimit.js', 436, 438 ]
285 silly gunzTarPerm extractEntry lib/helpers/populate/assignRawDocsToIdStructure.js
286 silly gunzTarPerm modified mode [ 'lib/helpers/populate/assignRawDocsToIdStructure.js',
286 silly gunzTarPerm   436,
286 silly gunzTarPerm   438 ]
287 silly gunzTarPerm extractEntry lib/helpers/populate/assignVals.js
288 silly gunzTarPerm modified mode [ 'lib/helpers/populate/assignVals.js', 436, 438 ]
289 silly gunzTarPerm extractEntry lib/helpers/populate/getModelsMapForPopulate.js
290 silly gunzTarPerm modified mode [ 'lib/helpers/populate/getModelsMapForPopulate.js', 436, 438 ]
291 silly gunzTarPerm extractEntry lib/helpers/populate/getSchemaTypes.js
292 silly gunzTarPerm modified mode [ 'lib/helpers/populate/getSchemaTypes.js', 436, 438 ]
293 silly gunzTarPerm extractEntry lib/helpers/populate/getVirtual.js
294 silly gunzTarPerm modified mode [ 'lib/helpers/populate/getVirtual.js', 436, 438 ]
295 silly gunzTarPerm extractEntry lib/helpers/populate/leanPopulateMap.js
296 silly gunzTarPerm modified mode [ 'lib/helpers/populate/leanPopulateMap.js', 436, 438 ]
297 silly gunzTarPerm extractEntry lib/helpers/populate/normalizeRefPath.js
298 silly gunzTarPerm modified mode [ 'lib/helpers/populate/normalizeRefPath.js', 436, 438 ]
299 silly gunzTarPerm extractEntry lib/helpers/populate/validateRef.js
300 silly gunzTarPerm modified mode [ 'lib/helpers/populate/validateRef.js', 436, 438 ]
301 silly gunzTarPerm extractEntry lib/helpers/printJestWarning.js
302 silly gunzTarPerm modified mode [ 'lib/helpers/printJestWarning.js', 436, 438 ]
303 silly gunzTarPerm extractEntry lib/helpers/projection/isDefiningProjection.js
304 silly gunzTarPerm modified mode [ 'lib/helpers/projection/isDefiningProjection.js', 436, 438 ]
305 silly gunzTarPerm extractEntry lib/helpers/projection/isExclusive.js
306 silly gunzTarPerm modified mode [ 'lib/helpers/projection/isExclusive.js', 436, 438 ]
307 silly gunzTarPerm extractEntry lib/helpers/projection/isInclusive.js
308 silly gunzTarPerm modified mode [ 'lib/helpers/projection/isInclusive.js', 436, 438 ]
309 silly gunzTarPerm extractEntry lib/helpers/projection/isPathExcluded.js
310 silly gunzTarPerm modified mode [ 'lib/helpers/projection/isPathExcluded.js', 436, 438 ]
311 silly gunzTarPerm extractEntry lib/helpers/projection/isPathSelectedInclusive.js
312 silly gunzTarPerm modified mode [ 'lib/helpers/projection/isPathSelectedInclusive.js', 436, 438 ]
313 silly gunzTarPerm extractEntry lib/helpers/query/applyGlobalMaxTimeMS.js
314 silly gunzTarPerm modified mode [ 'lib/helpers/query/applyGlobalMaxTimeMS.js', 436, 438 ]
315 silly gunzTarPerm extractEntry lib/helpers/query/applyQueryMiddleware.js
316 silly gunzTarPerm modified mode [ 'lib/helpers/query/applyQueryMiddleware.js', 436, 438 ]
317 silly gunzTarPerm extractEntry lib/helpers/query/castFilterPath.js
318 silly gunzTarPerm modified mode [ 'lib/helpers/query/castFilterPath.js', 436, 438 ]
319 silly gunzTarPerm extractEntry lib/helpers/query/castUpdate.js
320 silly gunzTarPerm modified mode [ 'lib/helpers/query/castUpdate.js', 436, 438 ]
321 silly gunzTarPerm extractEntry lib/helpers/query/completeMany.js
322 silly gunzTarPerm modified mode [ 'lib/helpers/query/completeMany.js', 436, 438 ]
323 silly gunzTarPerm extractEntry lib/helpers/query/getEmbeddedDiscriminatorPath.js
324 silly gunzTarPerm modified mode [ 'lib/helpers/query/getEmbeddedDiscriminatorPath.js', 436, 438 ]
325 silly gunzTarPerm extractEntry lib/helpers/query/handleImmutable.js
326 silly gunzTarPerm modified mode [ 'lib/helpers/query/handleImmutable.js', 436, 438 ]
327 silly gunzTarPerm extractEntry lib/helpers/query/hasDollarKeys.js
328 silly gunzTarPerm modified mode [ 'lib/helpers/query/hasDollarKeys.js', 436, 438 ]
329 silly gunzTarPerm extractEntry lib/helpers/query/selectPopulatedFields.js
330 silly gunzTarPerm modified mode [ 'lib/helpers/query/selectPopulatedFields.js', 436, 438 ]
331 silly gunzTarPerm extractEntry lib/helpers/query/wrapThunk.js
332 silly gunzTarPerm modified mode [ 'lib/helpers/query/wrapThunk.js', 436, 438 ]
333 silly gunzTarPerm extractEntry lib/helpers/schema/applyPlugins.js
334 silly gunzTarPerm modified mode [ 'lib/helpers/schema/applyPlugins.js', 436, 438 ]
335 silly gunzTarPerm extractEntry lib/helpers/schema/applyWriteConcern.js
336 silly gunzTarPerm modified mode [ 'lib/helpers/schema/applyWriteConcern.js', 436, 438 ]
337 silly gunzTarPerm extractEntry lib/helpers/schema/cleanPositionalOperators.js
338 silly gunzTarPerm modified mode [ 'lib/helpers/schema/cleanPositionalOperators.js', 436, 438 ]
339 silly gunzTarPerm extractEntry lib/helpers/schema/getIndexes.js
340 silly gunzTarPerm modified mode [ 'lib/helpers/schema/getIndexes.js', 436, 438 ]
341 silly gunzTarPerm extractEntry lib/helpers/schema/getPath.js
342 silly gunzTarPerm modified mode [ 'lib/helpers/schema/getPath.js', 436, 438 ]
343 silly gunzTarPerm extractEntry lib/helpers/schema/handleTimestampOption.js
344 silly gunzTarPerm modified mode [ 'lib/helpers/schema/handleTimestampOption.js', 436, 438 ]
345 silly gunzTarPerm extractEntry lib/helpers/schema/merge.js
346 silly gunzTarPerm modified mode [ 'lib/helpers/schema/merge.js', 436, 438 ]
347 silly gunzTarPerm extractEntry lib/helpers/schematype/handleImmutable.js
348 silly gunzTarPerm modified mode [ 'lib/helpers/schematype/handleImmutable.js', 436, 438 ]
349 silly gunzTarPerm extractEntry lib/helpers/setDefaultsOnInsert.js
350 silly gunzTarPerm modified mode [ 'lib/helpers/setDefaultsOnInsert.js', 436, 438 ]
351 silly gunzTarPerm extractEntry lib/helpers/symbols.js
352 silly gunzTarPerm modified mode [ 'lib/helpers/symbols.js', 436, 438 ]
353 silly gunzTarPerm extractEntry lib/helpers/update/applyTimestampsToChildren.js
354 silly gunzTarPerm modified mode [ 'lib/helpers/update/applyTimestampsToChildren.js', 436, 438 ]
355 silly gunzTarPerm extractEntry lib/helpers/update/applyTimestampsToUpdate.js
356 silly gunzTarPerm modified mode [ 'lib/helpers/update/applyTimestampsToUpdate.js', 436, 438 ]
357 silly gunzTarPerm extractEntry lib/helpers/update/castArrayFilters.js
358 silly gunzTarPerm modified mode [ 'lib/helpers/update/castArrayFilters.js', 436, 438 ]
359 silly gunzTarPerm extractEntry lib/helpers/update/modifiedPaths.js
360 silly gunzTarPerm modified mode [ 'lib/helpers/update/modifiedPaths.js', 436, 438 ]
361 silly gunzTarPerm extractEntry lib/helpers/updateValidators.js
362 silly gunzTarPerm modified mode [ 'lib/helpers/updateValidators.js', 436, 438 ]
363 silly gunzTarPerm extractEntry lib/index.js
364 silly gunzTarPerm modified mode [ 'lib/index.js', 436, 438 ]
365 silly gunzTarPerm extractEntry lib/internal.js
366 silly gunzTarPerm modified mode [ 'lib/internal.js', 436, 438 ]
367 silly gunzTarPerm extractEntry lib/model.js
368 silly gunzTarPerm modified mode [ 'lib/model.js', 436, 438 ]
369 silly gunzTarPerm extractEntry lib/options.js
370 silly gunzTarPerm modified mode [ 'lib/options.js', 436, 438 ]
371 silly gunzTarPerm extractEntry lib/options/PopulateOptions.js
372 silly gunzTarPerm modified mode [ 'lib/options/PopulateOptions.js', 436, 438 ]
373 silly gunzTarPerm extractEntry lib/options/removeOptions.js
374 silly gunzTarPerm modified mode [ 'lib/options/removeOptions.js', 436, 438 ]
375 silly gunzTarPerm extractEntry lib/options/saveOptions.js
376 silly gunzTarPerm modified mode [ 'lib/options/saveOptions.js', 436, 438 ]
377 silly gunzTarPerm extractEntry lib/plugins/idGetter.js
378 silly gunzTarPerm modified mode [ 'lib/plugins/idGetter.js', 436, 438 ]
379 silly gunzTarPerm extractEntry lib/plugins/removeSubdocs.js
380 silly gunzTarPerm modified mode [ 'lib/plugins/removeSubdocs.js', 436, 438 ]
381 silly gunzTarPerm extractEntry lib/plugins/saveSubdocs.js
382 silly gunzTarPerm modified mode [ 'lib/plugins/saveSubdocs.js', 436, 438 ]
383 silly gunzTarPerm extractEntry lib/plugins/sharding.js
384 silly gunzTarPerm modified mode [ 'lib/plugins/sharding.js', 436, 438 ]
385 silly gunzTarPerm extractEntry lib/plugins/validateBeforeSave.js
386 silly gunzTarPerm modified mode [ 'lib/plugins/validateBeforeSave.js', 436, 438 ]
387 silly gunzTarPerm extractEntry lib/promise_provider.js
388 silly gunzTarPerm modified mode [ 'lib/promise_provider.js', 436, 438 ]
389 silly gunzTarPerm extractEntry lib/query.js
390 silly gunzTarPerm modified mode [ 'lib/query.js', 436, 438 ]
391 silly gunzTarPerm extractEntry lib/queryhelpers.js
392 silly gunzTarPerm modified mode [ 'lib/queryhelpers.js', 436, 438 ]
393 silly gunzTarPerm extractEntry lib/schema.js
394 silly gunzTarPerm modified mode [ 'lib/schema.js', 436, 438 ]
395 silly gunzTarPerm extractEntry lib/schema/array.js
396 silly gunzTarPerm modified mode [ 'lib/schema/array.js', 436, 438 ]
397 silly gunzTarPerm extractEntry lib/schema/boolean.js
398 silly gunzTarPerm modified mode [ 'lib/schema/boolean.js', 436, 438 ]
399 silly gunzTarPerm extractEntry lib/schema/buffer.js
400 silly gunzTarPerm modified mode [ 'lib/schema/buffer.js', 436, 438 ]
401 silly gunzTarPerm extractEntry lib/schema/date.js
402 silly gunzTarPerm modified mode [ 'lib/schema/date.js', 436, 438 ]
403 silly gunzTarPerm extractEntry lib/schema/decimal128.js
404 silly gunzTarPerm modified mode [ 'lib/schema/decimal128.js', 436, 438 ]
405 silly gunzTarPerm extractEntry lib/schema/documentarray.js
406 silly gunzTarPerm modified mode [ 'lib/schema/documentarray.js', 436, 438 ]
407 silly gunzTarPerm extractEntry lib/schema/index.js
408 silly gunzTarPerm modified mode [ 'lib/schema/index.js', 436, 438 ]
409 silly gunzTarPerm extractEntry lib/schema/map.js
410 silly gunzTarPerm modified mode [ 'lib/schema/map.js', 436, 438 ]
411 silly gunzTarPerm extractEntry lib/schema/mixed.js
412 silly gunzTarPerm modified mode [ 'lib/schema/mixed.js', 436, 438 ]
413 silly gunzTarPerm extractEntry lib/schema/number.js
414 silly gunzTarPerm modified mode [ 'lib/schema/number.js', 436, 438 ]
415 silly gunzTarPerm extractEntry lib/schema/objectid.js
416 silly gunzTarPerm modified mode [ 'lib/schema/objectid.js', 436, 438 ]
417 silly gunzTarPerm extractEntry lib/schema/operators/bitwise.js
418 silly gunzTarPerm modified mode [ 'lib/schema/operators/bitwise.js', 436, 438 ]
419 silly gunzTarPerm extractEntry lib/schema/operators/exists.js
420 silly gunzTarPerm modified mode [ 'lib/schema/operators/exists.js', 436, 438 ]
421 silly gunzTarPerm extractEntry lib/schema/operators/geospatial.js
422 silly gunzTarPerm modified mode [ 'lib/schema/operators/geospatial.js', 436, 438 ]
423 silly gunzTarPerm extractEntry lib/schema/operators/helpers.js
424 silly gunzTarPerm modified mode [ 'lib/schema/operators/helpers.js', 436, 438 ]
425 silly gunzTarPerm extractEntry lib/schema/operators/text.js
426 silly gunzTarPerm modified mode [ 'lib/schema/operators/text.js', 436, 438 ]
427 silly gunzTarPerm extractEntry lib/schema/operators/type.js
428 silly gunzTarPerm modified mode [ 'lib/schema/operators/type.js', 436, 438 ]
429 silly gunzTarPerm extractEntry lib/schema/SingleNestedPath.js
430 silly gunzTarPerm modified mode [ 'lib/schema/SingleNestedPath.js', 436, 438 ]
431 silly gunzTarPerm extractEntry lib/schema/string.js
432 silly gunzTarPerm modified mode [ 'lib/schema/string.js', 436, 438 ]
433 silly gunzTarPerm extractEntry lib/schema/symbols.js
434 silly gunzTarPerm modified mode [ 'lib/schema/symbols.js', 436, 438 ]
435 silly gunzTarPerm extractEntry lib/schematype.js
436 silly gunzTarPerm modified mode [ 'lib/schematype.js', 436, 438 ]
437 silly gunzTarPerm extractEntry lib/statemachine.js
438 silly gunzTarPerm modified mode [ 'lib/statemachine.js', 436, 438 ]
439 silly gunzTarPerm extractEntry lib/types/array.js
440 silly gunzTarPerm modified mode [ 'lib/types/array.js', 436, 438 ]
441 silly gunzTarPerm extractEntry lib/types/buffer.js
442 silly gunzTarPerm modified mode [ 'lib/types/buffer.js', 436, 438 ]
443 silly gunzTarPerm extractEntry lib/types/core_array.js
444 silly gunzTarPerm modified mode [ 'lib/types/core_array.js', 436, 438 ]
445 silly gunzTarPerm extractEntry lib/types/decimal128.js
446 silly gunzTarPerm modified mode [ 'lib/types/decimal128.js', 436, 438 ]
447 silly gunzTarPerm extractEntry lib/types/documentarray.js
448 silly gunzTarPerm modified mode [ 'lib/types/documentarray.js', 436, 438 ]
449 silly gunzTarPerm extractEntry lib/types/embedded.js
450 silly gunzTarPerm modified mode [ 'lib/types/embedded.js', 436, 438 ]
451 silly gunzTarPerm extractEntry lib/types/index.js
452 silly gunzTarPerm modified mode [ 'lib/types/index.js', 436, 438 ]
453 silly gunzTarPerm extractEntry lib/types/map.js
454 silly gunzTarPerm modified mode [ 'lib/types/map.js', 436, 438 ]
455 silly gunzTarPerm extractEntry lib/types/objectid.js
456 silly gunzTarPerm modified mode [ 'lib/types/objectid.js', 436, 438 ]
457 silly gunzTarPerm extractEntry lib/types/subdocument.js
458 silly gunzTarPerm modified mode [ 'lib/types/subdocument.js', 436, 438 ]
459 silly gunzTarPerm extractEntry lib/utils.js
460 silly gunzTarPerm modified mode [ 'lib/utils.js', 436, 438 ]
461 silly gunzTarPerm extractEntry lib/virtualtype.js
462 silly gunzTarPerm modified mode [ 'lib/virtualtype.js', 436, 438 ]
463 silly gunzTarPerm extractEntry tools/auth.js
464 silly gunzTarPerm modified mode [ 'tools/auth.js', 436, 438 ]
465 silly gunzTarPerm extractEntry tools/repl.js
466 silly gunzTarPerm modified mode [ 'tools/repl.js', 436, 438 ]
467 silly gunzTarPerm extractEntry tools/sharded.js
468 silly gunzTarPerm modified mode [ 'tools/sharded.js', 436, 438 ]
469 silly gentlyRm /mnt/c/Users/jthur/Desktop/Software 2019/Bootcamp3_2019/Bootcamp3/node_modules/.staging/mongoose-d534a65e/node_modules is being purged
470 verbose gentlyRm don't care about contents; nuking /mnt/c/Users/jthur/Desktop/Software 2019/Bootcamp3_2019/Bootcamp3/node_modules/.staging/mongoose-d534a65e/node_modules
471 silly doParallel preinstall 3
472 silly preinstall mongoose@5.7.1 /mnt/c/Users/jthur/Desktop/Software 2019/Bootcamp3_2019/Bootcamp3/node_modules/.staging/mongoose-d534a65e
473 info lifecycle mongoose@5.7.1~preinstall: mongoose@5.7.1
474 silly preinstall morgan@1.9.1 /mnt/c/Users/jthur/Desktop/Software 2019/Bootcamp3_2019/Bootcamp3/node_modules/.staging/morgan-d87f51be
475 info lifecycle morgan@1.9.1~preinstall: morgan@1.9.1
476 silly preinstall request@2.88.0 /mnt/c/Users/jthur/Desktop/Software 2019/Bootcamp3_2019/Bootcamp3/node_modules/.staging/request-ca08cfb5
477 info lifecycle request@2.88.0~preinstall: request@2.88.0
478 silly lifecycle mongoose@5.7.1~preinstall: no script for preinstall, continuing
479 silly lifecycle morgan@1.9.1~preinstall: no script for preinstall, continuing
480 silly lifecycle request@2.88.0~preinstall: no script for preinstall, continuing
481 silly doReverseSerial remove 0
482 silly doSerial move 0
483 silly doSerial finalize 3
484 silly finalize /mnt/c/Users/jthur/Desktop/Software 2019/Bootcamp3_2019/Bootcamp3/node_modules/mongoose
485 verbose unlock done using /home/jthurber/.npm/_locks/staging-8c5a21c946dc1ab7.lock for /mnt/c/Users/jthur/Desktop/Software 2019/Bootcamp3_2019/Bootcamp3/node_modules/.staging
486 silly rollbackFailedOptional Starting
487 silly rollbackFailedOptional Finishing
488 silly runTopLevelLifecycles Starting
489 silly runTopLevelLifecycles Finishing
490 silly install printInstalled
491 warn Invalid name: "Bootcamp#3"
492 warn Bootcamp3 No description
493 warn Bootcamp3 No repository field.
494 warn Bootcamp3 No README data
495 warn Bootcamp3 No license field.
496 verbose stack Error: EACCES: permission denied, rename '/mnt/c/Users/jthur/Desktop/Software 2019/Bootcamp3_2019/Bootcamp3/node_modules/mongoose' -> '/mnt/c/Users/jthur/Desktop/Software 2019/Bootcamp3_2019/Bootcamp3/node_modules/.mongoose.DELETE'
496 verbose stack     at moveAway (/usr/share/npm/lib/install/action/finalize.js:38:5)
496 verbose stack     at destStatted (/usr/share/npm/lib/install/action/finalize.js:27:7)
496 verbose stack     at FSReqWrap.oncomplete (fs.js:153:5)
496 verbose stack
496 verbose stack Error: EACCES: permission denied, rename '/mnt/c/Users/jthur/Desktop/Software 2019/Bootcamp3_2019/Bootcamp3/node_modules/mongoose' -> '/mnt/c/Users/jthur/Desktop/Software 2019/Bootcamp3_2019/Bootcamp3/node_modules/.mongoose.DELETE'
497 verbose cwd /mnt/c/Users/jthur/Desktop/Software 2019/Bootcamp3_2019/Bootcamp3/server/config
498 error Linux 4.4.0-17134-Microsoft
499 error argv "/usr/bin/node" "/usr/bin/npm" "i"
500 error node v8.10.0
501 error npm  v3.5.2
502 error path /mnt/c/Users/jthur/Desktop/Software 2019/Bootcamp3_2019/Bootcamp3/node_modules/mongoose
503 error code EACCES
504 error errno -13
505 error syscall rename
506 error Error: EACCES: permission denied, rename '/mnt/c/Users/jthur/Desktop/Software 2019/Bootcamp3_2019/Bootcamp3/node_modules/mongoose' -> '/mnt/c/Users/jthur/Desktop/Software 2019/Bootcamp3_2019/Bootcamp3/node_modules/.mongoose.DELETE'
506 error     at moveAway (/usr/share/npm/lib/install/action/finalize.js:38:5)
506 error     at destStatted (/usr/share/npm/lib/install/action/finalize.js:27:7)
506 error     at FSReqWrap.oncomplete (fs.js:153:5)
506 error
506 error Error: EACCES: permission denied, rename '/mnt/c/Users/jthur/Desktop/Software 2019/Bootcamp3_2019/Bootcamp3/node_modules/mongoose' -> '/mnt/c/Users/jthur/Desktop/Software 2019/Bootcamp3_2019/Bootcamp3/node_modules/.mongoose.DELETE'
506 error  Error: EACCES: permission denied, rename '/mnt/c/Users/jthur/Desktop/Software 2019/Bootcamp3_2019/Bootcamp3/node_modules/mongoose' -> '/mnt/c/Users/jthur/Desktop/Software 2019/Bootcamp3_2019/Bootcamp3/node_modules/.mongoose.DELETE'
506 error     at moveAway (/usr/share/npm/lib/install/action/finalize.js:38:5)
506 error     at destStatted (/usr/share/npm/lib/install/action/finalize.js:27:7)
506 error     at FSReqWrap.oncomplete (fs.js:153:5)
506 error
506 error Error: EACCES: permission denied, rename '/mnt/c/Users/jthur/Desktop/Software 2019/Bootcamp3_2019/Bootcamp3/node_modules/mongoose' -> '/mnt/c/Users/jthur/Desktop/Software 2019/Bootcamp3_2019/Bootcamp3/node_modules/.mongoose.DELETE'
507 error Please try running this command again as root/Administrator.
508 verbose exit [ -13, true ]
